Executing: /shared/MATLAB/R2018a/bin/worker 

                            < M A T L A B (R) >
                  Copyright 1984-2018 The MathWorks, Inc.
                   R2018a (9.4.0.813654) 64-bit (glnxa64)
                             February 23, 2018

 
To get started, type one of these: helpwin, helpdesk, or demo.
For product information, visit www.mathworks.com.
 
2020-06-15 06:07:09 | About to evaluate task with DistcompEvaluateFileTask
2020-06-15 06:07:09 | Enter distcomp_evaluate_filetask_core
2020-06-15 06:07:09 | Enter distcomp_evaluate_filetask_core/iSetup
2020-06-15 06:07:09 | This process will exit on any fault.
2020-06-15 06:07:09 | This process will exit when its parent process dies.
2020-06-15 06:07:09 | About to call decode function.
2020-06-15 06:07:09 | In parallel.cluster.generic.independentDecodeFcn
2020-06-15 06:07:10 | Setting the desktop client to a new client of class parallel.internal.mwa.MDCSDesktopClient
2020-06-15 06:07:10 | About to construct the storage object using constructor "makeFileStorageObject" and location "/home/vkanoria/MATLAB/vkanoria/R2018a"
2020-06-15 06:07:10 | About to find job and task using locations "Job6" and "Job6/Task2"
2020-06-15 06:07:11 | Setting the TaskEvaluator to the NullEvaluator
2020-06-15 06:07:11 | Setting number of computational threads to 1.
2020-06-15 06:07:11 | MATLAB Drive Enabled 0
2020-06-15 06:07:11 | Completed pre-execution phase
2020-06-15 06:07:11 | About to set environment variables:

2020-06-15 06:07:11 | About to pPreJobEvaluate
2020-06-15 06:07:11 | About to pPreTaskEvaluate
2020-06-15 06:07:12 | About to add job dependencies
2020-06-15 06:07:12 | > JobPathHelper.addAdditionalPaths
2020-06-15 06:07:12 | > JobPathHelper.getPathsToAdd
2020-06-15 06:07:12 | < JobPathHelper.getPathsToAdd ~isMATLABDriveEnabledOnWorker
2020-06-15 06:07:12 | Not adding path dependencies as there is no change required to the path.
2020-06-15 06:07:12 | < JobPathHelper.addAdditionalPaths
2020-06-15 06:07:12 | About to add dependencies to path:
/Users/vani/Documents/MATLAB/VertSeg/S20ProfAy/isres.m
/Users/vani/Documents/MATLAB/VertSeg/S20ProfAy/maximizeVertSeg.m
/Users/vani/Documents/MATLAB/VertSeg/S20ProfAy/srsort.mexmaci64

2020-06-15 06:07:12 | Adding dependency paths:
/var/tmp/pbs.11760.turing/tp21ced924_59d9_470d_92e0_65899c512756rp63038/a/tp67886829_20f7_4f40_8313_19fe97fee837
/var/tmp/pbs.11760.turing/tp21ced924_59d9_470d_92e0_65899c512756rp63038/a/tp67886829_20f7_4f40_8313_19fe97fee837/isres.m

2020-06-15 06:07:12 | Replacing /Users/vani/Documents/MATLAB/VertSeg/S20ProfAy/isres.m with tp67886829_20f7_4f40_8313_19fe97fee837/isres.m in /Users/vani/Documents/MATLAB/VertSeg/S20ProfAy/isres.m
2020-06-15 06:07:12 | Replacing /Users/vani/Documents/MATLAB/VertSeg/S20ProfAy with tp67886829_20f7_4f40_8313_19fe97fee837 in /Users/vani/Documents/MATLAB/VertSeg/S20ProfAy/maximizeVertSeg.m
2020-06-15 06:07:12 | Replacing /Users/vani/Documents/MATLAB/VertSeg/S20ProfAy with tp67886829_20f7_4f40_8313_19fe97fee837 in /Users/vani/Documents/MATLAB/VertSeg/S20ProfAy/srsort.mexmaci64
2020-06-15 06:07:12 | Created dependency map:
  /Users/vani/Documents/MATLAB/VertSeg/S20ProfAy/isres.m -> /var/tmp/pbs.11760.turing/tp21ced924_59d9_470d_92e0_65899c512756rp63038/a/tp67886829_20f7_4f40_8313_19fe97fee837/isres.m
  /Users/vani/Documents/MATLAB/VertSeg/S20ProfAy/maximizeVertSeg.m -> /var/tmp/pbs.11760.turing/tp21ced924_59d9_470d_92e0_65899c512756rp63038/a/tp67886829_20f7_4f40_8313_19fe97fee837/maximizeVertSeg.m
  /Users/vani/Documents/MATLAB/VertSeg/S20ProfAy/srsort.mexmaci64 -> /var/tmp/pbs.11760.turing/tp21ced924_59d9_470d_92e0_65899c512756rp63038/a/tp67886829_20f7_4f40_8313_19fe97fee837/srsort.mexmaci64

2020-06-15 06:07:12 | Calling clear('functions'), and closing simulink models
2020-06-15 06:07:12 | About to call jobStartup: "/shared/MATLAB/R2018a/toolbox/distcomp/user/jobStartup.m"
2020-06-15 06:07:13 | About to call taskStartup: "/shared/MATLAB/R2018a/toolbox/distcomp/user/taskStartup.m"
2020-06-15 06:07:13 | About to get evaluation data
2020-06-15 06:07:13 | Set _mpi_usePollingComms to 0
2020-06-15 06:07:13 | Begin task function
2020-06-15 06:07:13 | End task function
2020-06-15 06:07:13 | dctEvaluateFunctionArray calling: @()taskPostFcn(runprop.TaskEvaluator) with args
2020-06-15 06:07:13 | About to call taskFinish
2020-06-15 06:07:13 | dctEvaluateFunctionArray done.
2020-06-15 06:07:13 | dctEvaluateFunctionArray calling: iFinishTask with args
2020-06-15 06:07:13 | About to call pPostTaskEvaluate
2020-06-15 06:07:14 | About to call pPostJobEvaluate
2020-06-15 06:07:14 | dctEvaluateFunctionArray done.
2020-06-15 06:07:14 | dctEvaluateFunctionArray calling: iSetEnvironmentVariables with args
2020-06-15 06:07:14 | About to set environment variables:

2020-06-15 06:07:14 | dctEvaluateFunctionArray done.
2020-06-15 06:07:14 | dctEvaluateFunctionArray calling: iUnSetEnvironmentVariables with args
2020-06-15 06:07:14 | About to unset environment variables:

2020-06-15 06:07:14 | dctEvaluateFunctionArray done.
2020-06-15 06:07:14 | dctEvaluateFunctionArray calling: removeDirectory with args
2020-06-15 06:07:14 | dctEvaluateFunctionArray done.
2020-06-15 06:07:14 | dctEvaluateFunctionArray calling: removeDirectory with args
2020-06-15 06:07:14 | Removed /var/tmp/pbs.11760.turing/tp21ced924_59d9_470d_92e0_65899c512756rp63038 with result: 1, message: 
2020-06-15 06:07:14 | dctEvaluateFunctionArray done.
2020-06-15 06:07:14 | dctEvaluateFunctionArray calling: iExitFunction with args
2020-06-15 06:07:14 | About to exit MATLAB normally
2020-06-15 06:07:14 | About to exit with code: 0
Exiting with code: 0
